Device = NVIDIA A100-PCIE-40GB

The number of trainable parametes is 40055541.
NvNet(
  (in_conv0): DownSampling(
    (conv1): Conv3d(4, 32, kernel_size=(3, 3, 3), stride=(1, 1, 1), padding=(1, 1, 1), bias=False)
    (dropout): Dropout3d(p=0.2, inplace=True)
  )
  (en_block0): EncoderBlock(
    (norm1): GroupNorm(8, 32, eps=1e-05, affine=True)
    (norm2): GroupNorm(8, 32, eps=1e-05, affine=True)
    (actv1): ReLU(inplace=True)
    (actv2): ReLU(inplace=True)
    (conv1): Conv3d(32, 32, kernel_size=(3, 3, 3), stride=(1, 1, 1), padding=(1, 1, 1))
    (conv2): Conv3d(32, 32, kernel_size=(3, 3, 3), stride=(1, 1, 1), padding=(1, 1, 1))
  )
  (en_down1): DownSampling(
    (conv1): Conv3d(32, 64, kernel_size=(3, 3, 3), stride=(2, 2, 2), padding=(1, 1, 1), bias=False)
  )
  (en_block1_0): EncoderBlock(
    (norm1): GroupNorm(8, 64, eps=1e-05, affine=True)
    (norm2): GroupNorm(8, 64, eps=1e-05, affine=True)
    (actv1): ReLU(inplace=True)
    (actv2): ReLU(inplace=True)
    (conv1): Conv3d(64, 64, kernel_size=(3, 3, 3), stride=(1, 1, 1), padding=(1, 1, 1))
    (conv2): Conv3d(64, 64, kernel_size=(3, 3, 3), stride=(1, 1, 1), padding=(1, 1, 1))
  )
  (en_block1_1): EncoderBlock(
    (norm1): GroupNorm(8, 64, eps=1e-05, affine=True)
    (norm2): GroupNorm(8, 64, eps=1e-05, affine=True)
    (actv1): ReLU(inplace=True)
    (actv2): ReLU(inplace=True)
    (conv1): Conv3d(64, 64, kernel_size=(3, 3, 3), stride=(1, 1, 1), padding=(1, 1, 1))
    (conv2): Conv3d(64, 64, kernel_size=(3, 3, 3), stride=(1, 1, 1), padding=(1, 1, 1))
  )
  (en_down2): DownSampling(
    (conv1): Conv3d(64, 128, kernel_size=(3, 3, 3), stride=(2, 2, 2), padding=(1, 1, 1), bias=False)
  )
  (en_block2_0): EncoderBlock(
    (norm1): GroupNorm(8, 128, eps=1e-05, affine=True)
    (norm2): GroupNorm(8, 128, eps=1e-05, affine=True)
    (actv1): ReLU(inplace=True)
    (actv2): ReLU(inplace=True)
    (conv1): Conv3d(128, 128, kernel_size=(3, 3, 3), stride=(1, 1, 1), padding=(1, 1, 1))
    (conv2): Conv3d(128, 128, kernel_size=(3, 3, 3), stride=(1, 1, 1), padding=(1, 1, 1))
  )
  (en_block2_1): EncoderBlock(
    (norm1): GroupNorm(8, 128, eps=1e-05, affine=True)
    (norm2): GroupNorm(8, 128, eps=1e-05, affine=True)
    (actv1): ReLU(inplace=True)
    (actv2): ReLU(inplace=True)
    (conv1): Conv3d(128, 128, kernel_size=(3, 3, 3), stride=(1, 1, 1), padding=(1, 1, 1))
    (conv2): Conv3d(128, 128, kernel_size=(3, 3, 3), stride=(1, 1, 1), padding=(1, 1, 1))
  )
  (en_down3): DownSampling(
    (conv1): Conv3d(128, 256, kernel_size=(3, 3, 3), stride=(2, 2, 2), padding=(1, 1, 1), bias=False)
  )
  (en_block3_0): EncoderBlock(
    (norm1): GroupNorm(8, 256, eps=1e-05, affine=True)
    (norm2): GroupNorm(8, 256, eps=1e-05, affine=True)
    (actv1): ReLU(inplace=True)
    (actv2): ReLU(inplace=True)
    (conv1): Conv3d(256, 256, kernel_size=(3, 3, 3), stride=(1, 1, 1), padding=(1, 1, 1))
    (conv2): Conv3d(256, 256, kernel_size=(3, 3, 3), stride=(1, 1, 1), padding=(1, 1, 1))
  )
  (en_block3_1): EncoderBlock(
    (norm1): GroupNorm(8, 256, eps=1e-05, affine=True)
    (norm2): GroupNorm(8, 256, eps=1e-05, affine=True)
    (actv1): ReLU(inplace=True)
    (actv2): ReLU(inplace=True)
    (conv1): Conv3d(256, 256, kernel_size=(3, 3, 3), stride=(1, 1, 1), padding=(1, 1, 1))
    (conv2): Conv3d(256, 256, kernel_size=(3, 3, 3), stride=(1, 1, 1), padding=(1, 1, 1))
  )
  (en_block3_2): EncoderBlock(
    (norm1): GroupNorm(8, 256, eps=1e-05, affine=True)
    (norm2): GroupNorm(8, 256, eps=1e-05, affine=True)
    (actv1): ReLU(inplace=True)
    (actv2): ReLU(inplace=True)
    (conv1): Conv3d(256, 256, kernel_size=(3, 3, 3), stride=(1, 1, 1), padding=(1, 1, 1))
    (conv2): Conv3d(256, 256, kernel_size=(3, 3, 3), stride=(1, 1, 1), padding=(1, 1, 1))
  )
  (en_block3_3): EncoderBlock(
    (norm1): GroupNorm(8, 256, eps=1e-05, affine=True)
    (norm2): GroupNorm(8, 256, eps=1e-05, affine=True)
    (actv1): ReLU(inplace=True)
    (actv2): ReLU(inplace=True)
    (conv1): Conv3d(256, 256, kernel_size=(3, 3, 3), stride=(1, 1, 1), padding=(1, 1, 1))
    (conv2): Conv3d(256, 256, kernel_size=(3, 3, 3), stride=(1, 1, 1), padding=(1, 1, 1))
  )
  (de_up2): LinearUpSampling(
    (conv1): Conv3d(256, 128, kernel_size=(1, 1, 1), stride=(1, 1, 1))
    (conv2): Conv3d(256, 128, kernel_size=(1, 1, 1), stride=(1, 1, 1))
  )
  (de_block2): DecoderBlock(
    (norm1): GroupNorm(8, 128, eps=1e-05, affine=True)
    (norm2): GroupNorm(8, 128, eps=1e-05, affine=True)
    (actv1): ReLU(inplace=True)
    (actv2): ReLU(inplace=True)
    (conv1): Conv3d(128, 128, kernel_size=(3, 3, 3), stride=(1, 1, 1), padding=(1, 1, 1))
    (conv2): Conv3d(128, 128, kernel_size=(3, 3, 3), stride=(1, 1, 1), padding=(1, 1, 1))
  )
  (de_up1): LinearUpSampling(
    (conv1): Conv3d(128, 64, kernel_size=(1, 1, 1), stride=(1, 1, 1))
    (conv2): Conv3d(128, 64, kernel_size=(1, 1, 1), stride=(1, 1, 1))
  )
  (de_block1): DecoderBlock(
    (norm1): GroupNorm(8, 64, eps=1e-05, affine=True)
    (norm2): GroupNorm(8, 64, eps=1e-05, affine=True)
    (actv1): ReLU(inplace=True)
    (actv2): ReLU(inplace=True)
    (conv1): Conv3d(64, 64, kernel_size=(3, 3, 3), stride=(1, 1, 1), padding=(1, 1, 1))
    (conv2): Conv3d(64, 64, kernel_size=(3, 3, 3), stride=(1, 1, 1), padding=(1, 1, 1))
  )
  (de_up0): LinearUpSampling(
    (conv1): Conv3d(64, 32, kernel_size=(1, 1, 1), stride=(1, 1, 1))
    (conv2): Conv3d(64, 32, kernel_size=(1, 1, 1), stride=(1, 1, 1))
  )
  (de_block0): DecoderBlock(
    (norm1): GroupNorm(8, 32, eps=1e-05, affine=True)
    (norm2): GroupNorm(8, 32, eps=1e-05, affine=True)
    (actv1): ReLU(inplace=True)
    (actv2): ReLU(inplace=True)
    (conv1): Conv3d(32, 32, kernel_size=(3, 3, 3), stride=(1, 1, 1), padding=(1, 1, 1))
    (conv2): Conv3d(32, 32, kernel_size=(3, 3, 3), stride=(1, 1, 1), padding=(1, 1, 1))
  )
  (de_end): OutputTransition(
    (conv1): Conv3d(32, 1, kernel_size=(1, 1, 1), stride=(1, 1, 1))
  )
  (vae): VAE(
    (vd_resample): VDResampling(
      (gn1): GroupNorm(8, 256, eps=1e-05, affine=True)
      (actv1): ReLU(inplace=True)
      (actv2): ReLU(inplace=True)
      (conv1): Conv3d(256, 16, kernel_size=(3, 3, 3), stride=(2, 2, 2), padding=(1, 1, 1))
      (dense1): Linear(in_features=15360, out_features=256, bias=True)
      (dense2): Linear(in_features=128, out_features=122880, bias=True)
      (up0): LinearUpSampling(
        (conv1): Conv3d(128, 256, kernel_size=(1, 1, 1), stride=(1, 1, 1))
        (conv2): Conv3d(128, 256, kernel_size=(1, 1, 1), stride=(1, 1, 1))
      )
    )
    (vd_block2): VDecoderBlock(
      (up0): LinearUpSampling(
        (conv1): Conv3d(256, 128, kernel_size=(1, 1, 1), stride=(1, 1, 1))
        (conv2): Conv3d(256, 128, kernel_size=(1, 1, 1), stride=(1, 1, 1))
      )
      (block): DecoderBlock(
        (norm1): GroupNorm(8, 128, eps=1e-05, affine=True)
        (norm2): GroupNorm(8, 128, eps=1e-05, affine=True)
        (actv1): ReLU(inplace=True)
        (actv2): ReLU(inplace=True)
        (conv1): Conv3d(128, 128, kernel_size=(3, 3, 3), stride=(1, 1, 1), padding=(1, 1, 1))
        (conv2): Conv3d(128, 128, kernel_size=(3, 3, 3), stride=(1, 1, 1), padding=(1, 1, 1))
      )
    )
    (vd_block1): VDecoderBlock(
      (up0): LinearUpSampling(
        (conv1): Conv3d(128, 64, kernel_size=(1, 1, 1), stride=(1, 1, 1))
        (conv2): Conv3d(128, 64, kernel_size=(1, 1, 1), stride=(1, 1, 1))
      )
      (block): DecoderBlock(
        (norm1): GroupNorm(8, 64, eps=1e-05, affine=True)
        (norm2): GroupNorm(8, 64, eps=1e-05, affine=True)
        (actv1): ReLU(inplace=True)
        (actv2): ReLU(inplace=True)
        (conv1): Conv3d(64, 64, kernel_size=(3, 3, 3), stride=(1, 1, 1), padding=(1, 1, 1))
        (conv2): Conv3d(64, 64, kernel_size=(3, 3, 3), stride=(1, 1, 1), padding=(1, 1, 1))
      )
    )
    (vd_block0): VDecoderBlock(
      (up0): LinearUpSampling(
        (conv1): Conv3d(64, 32, kernel_size=(1, 1, 1), stride=(1, 1, 1))
        (conv2): Conv3d(64, 32, kernel_size=(1, 1, 1), stride=(1, 1, 1))
      )
      (block): DecoderBlock(
        (norm1): GroupNorm(8, 32, eps=1e-05, affine=True)
        (norm2): GroupNorm(8, 32, eps=1e-05, affine=True)
        (actv1): ReLU(inplace=True)
        (actv2): ReLU(inplace=True)
        (conv1): Conv3d(32, 32, kernel_size=(3, 3, 3), stride=(1, 1, 1), padding=(1, 1, 1))
        (conv2): Conv3d(32, 32, kernel_size=(3, 3, 3), stride=(1, 1, 1), padding=(1, 1, 1))
      )
    )
    (vd_end): Conv3d(32, 4, kernel_size=(1, 1, 1), stride=(1, 1, 1))
  )
)
Epoch: 0.    Minutes: 3.773
Train Loss=0.511354.	Valid Loss=0.260283
Train Dice=0.499497.	Valid Dice=0.742259
Train Hausdorff=2.574161.	Valid Hausdorff=1.721975
Epoch: 1.    Minutes: 3.661
Train Loss=0.303159.	Valid Loss=0.269647
Train Dice=0.699753.	Valid Dice=0.733383
Train Hausdorff=1.843678.	Valid Hausdorff=1.813655
Epoch: 2.    Minutes: 3.663
Train Loss=0.296161.	Valid Loss=0.262023
Train Dice=0.706305.	Valid Dice=0.740212
Train Hausdorff=1.880983.	Valid Hausdorff=1.512593
Epoch: 3.    Minutes: 3.696
Train Loss=0.28892.	Valid Loss=0.24786
Train Dice=0.714647.	Valid Dice=0.754187
Train Hausdorff=1.813535.	Valid Hausdorff=1.498071
Epoch: 4.    Minutes: 3.665
Train Loss=0.261542.	Valid Loss=0.235726
Train Dice=0.741054.	Valid Dice=0.766178
Train Hausdorff=1.700594.	Valid Hausdorff=1.466562
Epoch: 5.    Minutes: 3.65
Train Loss=0.262324.	Valid Loss=0.226279
Train Dice=0.739956.	Valid Dice=0.775697
Train Hausdorff=1.696215.	Valid Hausdorff=1.429694
Epoch: 6.    Minutes: 3.669
Train Loss=0.250438.	Valid Loss=0.217407
Train Dice=0.752012.	Valid Dice=0.784503
Train Hausdorff=1.65417.	Valid Hausdorff=1.412046
Epoch: 7.    Minutes: 3.666
Train Loss=0.241144.	Valid Loss=0.218728
Train Dice=0.761453.	Valid Dice=0.786453
Train Hausdorff=1.616304.	Valid Hausdorff=1.360485
Epoch: 8.    Minutes: 3.651
Train Loss=0.243372.	Valid Loss=0.223982
Train Dice=0.759546.	Valid Dice=0.779455
Train Hausdorff=1.634281.	Valid Hausdorff=1.321997
Epoch: 9.    Minutes: 3.654
Train Loss=0.234427.	Valid Loss=0.213121
Train Dice=0.768229.	Valid Dice=0.790474
Train Hausdorff=1.547931.	Valid Hausdorff=1.349872
Epoch: 10.    Minutes: 3.713
Train Loss=0.225289.	Valid Loss=0.214096
Train Dice=0.777124.	Valid Dice=0.788682
Train Hausdorff=1.514508.	Valid Hausdorff=1.320041
Epoch: 11.    Minutes: 3.739
Train Loss=0.21838.	Valid Loss=0.208398
Train Dice=0.784738.	Valid Dice=0.794036
Train Hausdorff=1.469767.	Valid Hausdorff=1.319813
Epoch: 12.    Minutes: 3.69
Train Loss=0.206731.	Valid Loss=0.208213
Train Dice=0.795779.	Valid Dice=0.794699
Train Hausdorff=1.434132.	Valid Hausdorff=1.294342
Epoch: 13.    Minutes: 3.676
Train Loss=0.212462.	Valid Loss=0.218466
Train Dice=0.791714.	Valid Dice=0.798161
Train Hausdorff=1.449395.	Valid Hausdorff=1.323869
Epoch: 14.    Minutes: 3.745
Train Loss=0.223122.	Valid Loss=0.206464
Train Dice=0.780502.	Valid Dice=0.795522
Train Hausdorff=1.497547.	Valid Hausdorff=1.336307
Epoch: 15.    Minutes: 3.7
Train Loss=0.206907.	Valid Loss=0.208006
Train Dice=0.795213.	Valid Dice=0.795263
Train Hausdorff=1.435193.	Valid Hausdorff=1.281261
Epoch: 16.    Minutes: 3.685
Train Loss=0.204288.	Valid Loss=0.202293
Train Dice=0.798213.	Valid Dice=0.800368
Train Hausdorff=1.42216.	Valid Hausdorff=1.277736
Epoch: 17.    Minutes: 3.699
Train Loss=0.193421.	Valid Loss=0.202514
Train Dice=0.808846.	Valid Dice=0.800411
Train Hausdorff=1.375506.	Valid Hausdorff=1.246122
Epoch: 18.    Minutes: 3.672
Train Loss=0.197167.	Valid Loss=0.205937
Train Dice=0.80513.	Valid Dice=0.796787
Train Hausdorff=1.391579.	Valid Hausdorff=1.261958
Epoch: 19.    Minutes: 3.699
Train Loss=0.190562.	Valid Loss=0.196875
Train Dice=0.811689.	Valid Dice=0.806698
Train Hausdorff=1.353409.	Valid Hausdorff=1.234519
Epoch: 20.    Minutes: 3.661
Train Loss=0.187763.	Valid Loss=0.207076
Train Dice=0.814682.	Valid Dice=0.795518
Train Hausdorff=1.349928.	Valid Hausdorff=1.26854
Epoch: 21.    Minutes: 3.71
Train Loss=0.183113.	Valid Loss=0.189148
Train Dice=0.819162.	Valid Dice=0.814207
Train Hausdorff=1.332861.	Valid Hausdorff=1.235386
Epoch: 22.    Minutes: 3.651
Train Loss=0.182334.	Valid Loss=0.193406
Train Dice=0.819892.	Valid Dice=0.810321
Train Hausdorff=1.337428.	Valid Hausdorff=1.25908
Epoch: 23.    Minutes: 3.641
Train Loss=0.183958.	Valid Loss=0.199218
Train Dice=0.81847.	Valid Dice=0.809466
Train Hausdorff=1.352335.	Valid Hausdorff=1.244172
Epoch: 24.    Minutes: 3.696
Train Loss=0.181.	Valid Loss=0.192898
Train Dice=0.821302.	Valid Dice=0.810167
Train Hausdorff=1.324893.	Valid Hausdorff=1.230975
Epoch: 25.    Minutes: 3.737
Train Loss=0.179082.	Valid Loss=0.189796
Train Dice=0.823325.	Valid Dice=0.812479
Train Hausdorff=1.318844.	Valid Hausdorff=1.247378
Epoch: 26.    Minutes: 3.66
Train Loss=0.172064.	Valid Loss=0.190515
Train Dice=0.830535.	Valid Dice=0.811393
Train Hausdorff=1.294039.	Valid Hausdorff=1.222292
Epoch: 27.    Minutes: 3.751
Train Loss=0.176156.	Valid Loss=0.192659
Train Dice=0.826107.	Valid Dice=0.810222
Train Hausdorff=1.306864.	Valid Hausdorff=1.243995
Epoch: 28.    Minutes: 3.72
Train Loss=0.174955.	Valid Loss=0.187509
Train Dice=0.827255.	Valid Dice=0.814723
Train Hausdorff=1.302488.	Valid Hausdorff=1.245673
Epoch: 29.    Minutes: 3.688
Train Loss=0.169397.	Valid Loss=0.194996
Train Dice=0.83282.	Valid Dice=0.807607
Train Hausdorff=1.300953.	Valid Hausdorff=1.269131
Epoch: 30.    Minutes: 3.684
Train Loss=0.167976.	Valid Loss=0.190282
Train Dice=0.834441.	Valid Dice=0.812431
Train Hausdorff=1.284733.	Valid Hausdorff=1.232996
Epoch: 31.    Minutes: 3.696
Train Loss=0.168861.	Valid Loss=0.184204
Train Dice=0.833844.	Valid Dice=0.819613
Train Hausdorff=1.284935.	Valid Hausdorff=1.22668
Epoch: 32.    Minutes: 3.668
Train Loss=0.171332.	Valid Loss=0.187394
Train Dice=0.831748.	Valid Dice=0.819618
Train Hausdorff=1.306539.	Valid Hausdorff=1.200381
Epoch: 33.    Minutes: 3.671
Train Loss=0.164665.	Valid Loss=0.185673
Train Dice=0.838805.	Valid Dice=0.819576
Train Hausdorff=1.265777.	Valid Hausdorff=1.22913
Epoch: 34.    Minutes: 3.759
Train Loss=0.167288.	Valid Loss=0.190485
Train Dice=0.83664.	Valid Dice=0.815331
Train Hausdorff=1.278764.	Valid Hausdorff=1.215018
Epoch: 35.    Minutes: 3.742
Train Loss=0.16245.	Valid Loss=0.181998
Train Dice=0.840423.	Valid Dice=0.819622
Train Hausdorff=1.268246.	Valid Hausdorff=1.207779
Epoch: 36.    Minutes: 3.662
Train Loss=0.158862.	Valid Loss=0.190096
Train Dice=0.843509.	Valid Dice=0.811564
Train Hausdorff=1.25245.	Valid Hausdorff=1.245429
Epoch: 37.    Minutes: 3.662
Train Loss=0.15701.	Valid Loss=0.181487
Train Dice=0.844877.	Valid Dice=0.819988
Train Hausdorff=1.25302.	Valid Hausdorff=1.22392
Epoch: 38.    Minutes: 3.668
Train Loss=0.153191.	Valid Loss=0.180433
Train Dice=0.848502.	Valid Dice=0.820935
Train Hausdorff=1.234572.	Valid Hausdorff=1.211877
Epoch: 39.    Minutes: 3.659
Train Loss=0.151808.	Valid Loss=0.174326
Train Dice=0.849608.	Valid Dice=0.827076
Train Hausdorff=1.239482.	Valid Hausdorff=1.215776
Epoch: 40.    Minutes: 3.689
Train Loss=0.150799.	Valid Loss=0.178005
Train Dice=0.850646.	Valid Dice=0.823514
Train Hausdorff=1.230094.	Valid Hausdorff=1.198096
Epoch: 41.    Minutes: 3.71
Train Loss=0.146986.	Valid Loss=0.171032
Train Dice=0.854618.	Valid Dice=0.830809
Train Hausdorff=1.212629.	Valid Hausdorff=1.213835
Epoch: 42.    Minutes: 3.67
Train Loss=0.145876.	Valid Loss=0.175964
Train Dice=0.855985.	Valid Dice=0.825939
Train Hausdorff=1.208297.	Valid Hausdorff=1.183569
Epoch: 43.    Minutes: 3.674
Train Loss=0.15366.	Valid Loss=0.182174
Train Dice=0.848778.	Valid Dice=0.820029
Train Hausdorff=1.250677.	Valid Hausdorff=1.247599
Epoch: 44.    Minutes: 3.679
Train Loss=0.152042.	Valid Loss=0.174742
Train Dice=0.850746.	Valid Dice=0.828936
Train Hausdorff=1.235518.	Valid Hausdorff=1.185613
Epoch: 45.    Minutes: 3.673
Train Loss=0.143747.	Valid Loss=0.176255
Train Dice=0.859978.	Valid Dice=0.825795
Train Hausdorff=1.205835.	Valid Hausdorff=1.196416
Epoch: 46.    Minutes: 3.693
Train Loss=0.159902.	Valid Loss=0.185104
Train Dice=0.848362.	Valid Dice=0.818053
Train Hausdorff=1.243161.	Valid Hausdorff=1.245141
Epoch: 47.    Minutes: 3.705
Train Loss=0.15531.	Valid Loss=0.179161
Train Dice=0.847311.	Valid Dice=0.822537
Train Hausdorff=1.245852.	Valid Hausdorff=1.191673
Epoch: 48.    Minutes: 3.632
Train Loss=0.139867.	Valid Loss=0.168536
Train Dice=0.861841.	Valid Dice=0.833356
Train Hausdorff=1.196204.	Valid Hausdorff=1.18696
Epoch: 49.    Minutes: 3.638
Train Loss=0.138819.	Valid Loss=0.159635
Train Dice=0.862592.	Valid Dice=0.841776
Train Hausdorff=1.202711.	Valid Hausdorff=1.16973
Epoch: 50.    Minutes: 3.67
Train Loss=0.139077.	Valid Loss=0.165747
Train Dice=0.862354.	Valid Dice=0.835789
Train Hausdorff=1.202003.	Valid Hausdorff=1.160916
Epoch: 51.    Minutes: 3.698
Train Loss=0.146196.	Valid Loss=0.170163
Train Dice=0.855201.	Valid Dice=0.831651
Train Hausdorff=1.238394.	Valid Hausdorff=1.183047
Epoch: 52.    Minutes: 3.706
Train Loss=0.136597.	Valid Loss=0.174474
Train Dice=0.864901.	Valid Dice=0.827457
Train Hausdorff=1.192184.	Valid Hausdorff=1.155684
Epoch: 53.    Minutes: 3.693
Train Loss=0.131254.	Valid Loss=0.17712
Train Dice=0.870285.	Valid Dice=0.824695
Train Hausdorff=1.17572.	Valid Hausdorff=1.162567
Epoch: 54.    Minutes: 3.694
Train Loss=0.131602.	Valid Loss=0.167304
Train Dice=0.870108.	Valid Dice=0.834432
Train Hausdorff=1.185706.	Valid Hausdorff=1.15236
Epoch: 55.    Minutes: 3.724
Train Loss=0.128746.	Valid Loss=0.164158
Train Dice=0.874132.	Valid Dice=0.840621
Train Hausdorff=1.169569.	Valid Hausdorff=1.137963
Epoch: 56.    Minutes: 3.709
Train Loss=0.125789.	Valid Loss=0.163593
Train Dice=0.878271.	Valid Dice=0.839089
Train Hausdorff=1.153453.	Valid Hausdorff=1.1796
Epoch: 57.    Minutes: 3.693
Train Loss=0.12702.	Valid Loss=0.173223
Train Dice=0.877484.	Valid Dice=0.832523
Train Hausdorff=1.153049.	Valid Hausdorff=1.157606
Epoch: 58.    Minutes: 3.681
Train Loss=0.124145.	Valid Loss=0.159755
Train Dice=0.879635.	Valid Dice=0.843368
Train Hausdorff=1.146427.	Valid Hausdorff=1.12262
Epoch: 59.    Minutes: 3.69
Train Loss=0.119215.	Valid Loss=0.147869
Train Dice=0.883062.	Valid Dice=0.854387
Train Hausdorff=1.148141.	Valid Hausdorff=1.119903
Epoch: 60.    Minutes: 3.691
Train Loss=0.117769.	Valid Loss=0.156724
Train Dice=0.883983.	Valid Dice=0.845324
Train Hausdorff=1.135433.	Valid Hausdorff=1.11577
Epoch: 61.    Minutes: 3.724
Train Loss=0.113282.	Valid Loss=0.155311
Train Dice=0.888332.	Valid Dice=0.847429
Train Hausdorff=1.122556.	Valid Hausdorff=1.140222
Epoch: 62.    Minutes: 3.717
Train Loss=0.117264.	Valid Loss=0.154021
Train Dice=0.884314.	Valid Dice=0.848345
Train Hausdorff=1.140143.	Valid Hausdorff=1.136308
Epoch: 63.    Minutes: 3.683
Train Loss=0.121045.	Valid Loss=0.158302
Train Dice=0.880479.	Valid Dice=0.844325
Train Hausdorff=1.162345.	Valid Hausdorff=1.169579
Epoch: 64.    Minutes: 3.724
Train Loss=0.125267.	Valid Loss=0.172893
Train Dice=0.876366.	Valid Dice=0.832828
Train Hausdorff=1.163907.	Valid Hausdorff=1.128413
Epoch: 65.    Minutes: 3.708
Train Loss=0.11649.	Valid Loss=0.155089
Train Dice=0.885288.	Valid Dice=0.84941
Train Hausdorff=1.131026.	Valid Hausdorff=1.12802
Epoch: 66.    Minutes: 3.684
Train Loss=0.112189.	Valid Loss=0.1586
Train Dice=0.889937.	Valid Dice=0.846776
Train Hausdorff=1.120246.	Valid Hausdorff=1.134117
Epoch: 67.    Minutes: 3.698
Train Loss=0.108103.	Valid Loss=0.166714
Train Dice=0.8951.	Valid Dice=0.845349
Train Hausdorff=1.102561.	Valid Hausdorff=1.116988
Epoch: 68.    Minutes: 3.736
Train Loss=0.109754.	Valid Loss=0.15633
Train Dice=0.895206.	Valid Dice=0.849648
Train Hausdorff=1.096407.	Valid Hausdorff=1.135343
Epoch: 69.    Minutes: 3.669
Train Loss=0.107938.	Valid Loss=0.157741
Train Dice=0.898202.	Valid Dice=0.847092
Train Hausdorff=1.089408.	Valid Hausdorff=1.115975
Epoch: 70.    Minutes: 3.704
Train Loss=0.104234.	Valid Loss=0.168384
Train Dice=0.898319.	Valid Dice=0.833162
Train Hausdorff=1.091444.	Valid Hausdorff=1.116783
Epoch: 71.    Minutes: 3.691
Train Loss=0.105816.	Valid Loss=0.158995
Train Dice=0.895794.	Valid Dice=0.842542
Train Hausdorff=1.102511.	Valid Hausdorff=1.129964
Epoch: 72.    Minutes: 3.688
Train Loss=0.099825.	Valid Loss=0.152163
Train Dice=0.901579.	Valid Dice=0.849347
Train Hausdorff=1.088427.	Valid Hausdorff=1.11611
Epoch: 73.    Minutes: 3.651
Train Loss=0.09777.	Valid Loss=0.153951
Train Dice=0.903607.	Valid Dice=0.847729
Train Hausdorff=1.072083.	Valid Hausdorff=1.104098
Epoch: 74.    Minutes: 3.681
Train Loss=0.101857.	Valid Loss=0.15015
Train Dice=0.899474.	Valid Dice=0.851376
Train Hausdorff=1.087347.	Valid Hausdorff=1.133325
Epoch: 75.    Minutes: 3.703
Train Loss=0.100364.	Valid Loss=0.144916
Train Dice=0.900905.	Valid Dice=0.856802
Train Hausdorff=1.07589.	Valid Hausdorff=1.163783
Epoch: 76.    Minutes: 3.679
Train Loss=0.101475.	Valid Loss=0.144587
Train Dice=0.899871.	Valid Dice=0.857314
Train Hausdorff=1.091231.	Valid Hausdorff=1.150485
Epoch: 77.    Minutes: 3.691
Train Loss=0.098323.	Valid Loss=0.150715
Train Dice=0.903057.	Valid Dice=0.851538
Train Hausdorff=1.076103.	Valid Hausdorff=1.111923
Epoch: 78.    Minutes: 3.733
Train Loss=0.093768.	Valid Loss=0.145791
Train Dice=0.907897.	Valid Dice=0.856092
Train Hausdorff=1.065574.	Valid Hausdorff=1.134321
Epoch: 79.    Minutes: 3.738
Train Loss=0.091434.	Valid Loss=0.150677
Train Dice=0.910473.	Valid Dice=0.851398
Train Hausdorff=1.049293.	Valid Hausdorff=1.15365
Epoch: 80.    Minutes: 3.698
Train Loss=0.093318.	Valid Loss=0.15778
Train Dice=0.909077.	Valid Dice=0.844571
Train Hausdorff=1.053584.	Valid Hausdorff=1.119712
Epoch: 81.    Minutes: 3.704
Train Loss=0.093249.	Valid Loss=0.151159
Train Dice=0.909882.	Valid Dice=0.851438
Train Hausdorff=1.052239.	Valid Hausdorff=1.115345
Epoch: 82.    Minutes: 3.715
Train Loss=0.093525.	Valid Loss=0.158076
Train Dice=0.911756.	Valid Dice=0.843547
Train Hausdorff=1.046401.	Valid Hausdorff=1.112939
Epoch: 83.    Minutes: 3.727
Train Loss=0.092867.	Valid Loss=0.162957
Train Dice=0.910923.	Valid Dice=0.838493
Train Hausdorff=1.043991.	Valid Hausdorff=1.119924
Epoch: 84.    Minutes: 3.733
Train Loss=0.09691.	Valid Loss=0.152683
Train Dice=0.90582.	Valid Dice=0.84889
Train Hausdorff=1.06822.	Valid Hausdorff=1.139935
Epoch: 85.    Minutes: 3.733
Train Loss=0.092862.	Valid Loss=0.152806
Train Dice=0.909848.	Valid Dice=0.848631
Train Hausdorff=1.052754.	Valid Hausdorff=1.17924
Epoch: 86.    Minutes: 3.651
Train Loss=0.092837.	Valid Loss=0.136537
Train Dice=0.909541.	Valid Dice=0.864797
Train Hausdorff=1.044364.	Valid Hausdorff=1.115246
Epoch: 87.    Minutes: 3.698
Train Loss=0.086887.	Valid Loss=0.137161
Train Dice=0.915109.	Valid Dice=0.864177
Train Hausdorff=1.023398.	Valid Hausdorff=1.136638
Epoch: 88.    Minutes: 3.757
Train Loss=0.085632.	Valid Loss=0.142483
Train Dice=0.915893.	Valid Dice=0.858814
Train Hausdorff=1.027629.	Valid Hausdorff=1.17906
Epoch: 89.    Minutes: 3.68
Train Loss=0.090608.	Valid Loss=0.142945
Train Dice=0.910935.	Valid Dice=0.858497
Train Hausdorff=1.05769.	Valid Hausdorff=1.126341
Epoch: 90.    Minutes: 3.677
Train Loss=0.08574.	Valid Loss=0.155127
Train Dice=0.915997.	Valid Dice=0.846275
Train Hausdorff=1.027544.	Valid Hausdorff=1.131062
Epoch: 91.    Minutes: 3.702
Train Loss=0.085057.	Valid Loss=0.14412
Train Dice=0.916732.	Valid Dice=0.857431
Train Hausdorff=1.026917.	Valid Hausdorff=1.174782
Epoch: 92.    Minutes: 3.689
Train Loss=0.08475.	Valid Loss=0.140708
Train Dice=0.917137.	Valid Dice=0.860741
Train Hausdorff=1.023094.	Valid Hausdorff=1.165627
Epoch: 93.    Minutes: 3.663
Train Loss=0.085964.	Valid Loss=0.139379
Train Dice=0.915968.	Valid Dice=0.862082
Train Hausdorff=1.024251.	Valid Hausdorff=1.150157
Epoch: 94.    Minutes: 3.685
Train Loss=0.082917.	Valid Loss=0.13995
Train Dice=0.919142.	Valid Dice=0.861662
Train Hausdorff=1.01477.	Valid Hausdorff=1.129427
Epoch: 95.    Minutes: 3.687
Train Loss=0.082935.	Valid Loss=0.15193
Train Dice=0.919662.	Valid Dice=0.849858
Train Hausdorff=1.010631.	Valid Hausdorff=1.135292
Epoch: 96.    Minutes: 3.651
Train Loss=0.084211.	Valid Loss=0.147644
Train Dice=0.919429.	Valid Dice=0.854136
Train Hausdorff=1.013187.	Valid Hausdorff=1.168638
Epoch: 97.    Minutes: 3.693
Train Loss=0.084695.	Valid Loss=0.146736
Train Dice=0.919633.	Valid Dice=0.855379
Train Hausdorff=1.011205.	Valid Hausdorff=1.185262
Epoch: 98.    Minutes: 3.787
Train Loss=0.084763.	Valid Loss=0.155508
Train Dice=0.919578.	Valid Dice=0.846547
Train Hausdorff=1.009296.	Valid Hausdorff=1.229148
Epoch: 99.    Minutes: 3.77
Train Loss=0.084032.	Valid Loss=0.14826
Train Dice=0.919865.	Valid Dice=0.853105
Train Hausdorff=1.015616.	Valid Hausdorff=1.199436
Epoch: 100.    Minutes: 3.713
Train Loss=0.081962.	Valid Loss=0.148588
Train Dice=0.920755.	Valid Dice=0.852684
Train Hausdorff=1.01357.	Valid Hausdorff=1.143037
Epoch: 101.    Minutes: 3.694
Train Loss=0.081339.	Valid Loss=0.141219
Train Dice=0.920566.	Valid Dice=0.860056
Train Hausdorff=1.00927.	Valid Hausdorff=1.115253
Epoch: 102.    Minutes: 3.792
Train Loss=0.081351.	Valid Loss=0.137892
Train Dice=0.920229.	Valid Dice=0.863376
Train Hausdorff=1.01293.	Valid Hausdorff=1.134602
Epoch: 103.    Minutes: 3.706
Train Loss=0.079248.	Valid Loss=0.139616
Train Dice=0.92235.	Valid Dice=0.861601
Train Hausdorff=1.003151.	Valid Hausdorff=1.123898
Epoch: 104.    Minutes: 3.694
Train Loss=0.078653.	Valid Loss=0.144534
Train Dice=0.92278.	Valid Dice=0.856728
Train Hausdorff=1.002277.	Valid Hausdorff=1.184672
Epoch: 105.    Minutes: 3.722
Train Loss=0.080056.	Valid Loss=0.151816
Train Dice=0.921276.	Valid Dice=0.849503
Train Hausdorff=1.005745.	Valid Hausdorff=1.151374
Epoch: 106.    Minutes: 3.692
Train Loss=0.081653.	Valid Loss=0.15937
Train Dice=0.919607.	Valid Dice=0.84206
Train Hausdorff=1.00962.	Valid Hausdorff=1.24666
Epoch: 107.    Minutes: 3.69
Train Loss=0.080753.	Valid Loss=0.146768
Train Dice=0.920349.	Valid Dice=0.854703
Train Hausdorff=1.018827.	Valid Hausdorff=1.127682
Epoch: 108.    Minutes: 3.705
Train Loss=0.077204.	Valid Loss=0.146891
Train Dice=0.923804.	Valid Dice=0.854433
Train Hausdorff=0.998763.	Valid Hausdorff=1.159331
Epoch: 109.    Minutes: 3.695
Train Loss=0.076316.	Valid Loss=0.149118
Train Dice=0.924711.	Valid Dice=0.852342
Train Hausdorff=0.992677.	Valid Hausdorff=1.166399
Epoch: 110.    Minutes: 3.661
Train Loss=0.073811.	Valid Loss=0.149798
Train Dice=0.927209.	Valid Dice=0.85157
Train Hausdorff=0.98299.	Valid Hausdorff=1.179747
Epoch: 111.    Minutes: 3.731
Train Loss=0.073119.	Valid Loss=0.14932
Train Dice=0.927942.	Valid Dice=0.852016
Train Hausdorff=0.977318.	Valid Hausdorff=1.210605
Epoch: 112.    Minutes: 3.728
Train Loss=0.07439.	Valid Loss=0.152737
Train Dice=0.926642.	Valid Dice=0.848499
Train Hausdorff=0.992502.	Valid Hausdorff=1.207472
Epoch: 113.    Minutes: 3.703
Train Loss=0.075249.	Valid Loss=0.143407
Train Dice=0.925866.	Valid Dice=0.857926
Train Hausdorff=0.982482.	Valid Hausdorff=1.153129
Epoch: 114.    Minutes: 3.693
Train Loss=0.074961.	Valid Loss=0.146631
Train Dice=0.926326.	Valid Dice=0.854809
Train Hausdorff=0.988533.	Valid Hausdorff=1.133984
Epoch: 115.    Minutes: 3.673
Train Loss=0.075943.	Valid Loss=0.14473
Train Dice=0.925441.	Valid Dice=0.856711
Train Hausdorff=0.991738.	Valid Hausdorff=1.145462
Epoch: 116.    Minutes: 3.698
Train Loss=0.074937.	Valid Loss=0.147749
Train Dice=0.926425.	Valid Dice=0.853896
Train Hausdorff=0.981478.	Valid Hausdorff=1.126265
Epoch: 117.    Minutes: 3.712
Train Loss=0.073583.	Valid Loss=0.149131
Train Dice=0.927894.	Valid Dice=0.854187
Train Hausdorff=0.97697.	Valid Hausdorff=1.133477
Epoch: 118.    Minutes: 3.744
Train Loss=0.074149.	Valid Loss=0.150837
Train Dice=0.927665.	Valid Dice=0.853642
Train Hausdorff=0.97688.	Valid Hausdorff=1.136304
Epoch: 119.    Minutes: 3.725
Train Loss=0.074182.	Valid Loss=0.155939
Train Dice=0.927936.	Valid Dice=0.852726
Train Hausdorff=0.977014.	Valid Hausdorff=1.152
Epoch: 120.    Minutes: 3.705
Train Loss=0.075057.	Valid Loss=0.150552
Train Dice=0.928118.	Valid Dice=0.854952
Train Hausdorff=0.981044.	Valid Hausdorff=1.132865
Epoch: 121.    Minutes: 3.674
Train Loss=0.073488.	Valid Loss=0.147751
Train Dice=0.929188.	Valid Dice=0.854817
Train Hausdorff=0.97502.	Valid Hausdorff=1.130848
Epoch: 122.    Minutes: 3.713
Train Loss=0.075551.	Valid Loss=0.154342
Train Dice=0.92814.	Valid Dice=0.847323
Train Hausdorff=0.981966.	Valid Hausdorff=1.167313
Epoch: 123.    Minutes: 3.674
Train Loss=0.072618.	Valid Loss=0.152654
Train Dice=0.93.	Valid Dice=0.850404
Train Hausdorff=0.970923.	Valid Hausdorff=1.173476
Epoch: 124.    Minutes: 3.687
Train Loss=0.073873.	Valid Loss=0.14859
Train Dice=0.928552.	Valid Dice=0.854827
Train Hausdorff=0.985704.	Valid Hausdorff=1.185884
Epoch: 125.    Minutes: 3.705
Train Loss=0.072714.	Valid Loss=0.141969
Train Dice=0.929494.	Valid Dice=0.860218
Train Hausdorff=0.970253.	Valid Hausdorff=1.129689
Epoch: 126.    Minutes: 3.669
Train Loss=0.070277.	Valid Loss=0.147792
Train Dice=0.931095.	Valid Dice=0.853323
Train Hausdorff=0.965041.	Valid Hausdorff=1.194324
Epoch: 127.    Minutes: 3.735
Train Loss=0.070446.	Valid Loss=0.146677
Train Dice=0.930897.	Valid Dice=0.85446
Train Hausdorff=0.962404.	Valid Hausdorff=1.159415
Epoch: 128.    Minutes: 3.798
Train Loss=0.070709.	Valid Loss=0.148571
Train Dice=0.930428.	Valid Dice=0.852551
Train Hausdorff=0.970071.	Valid Hausdorff=1.185786
Epoch: 129.    Minutes: 3.676
Train Loss=0.069801.	Valid Loss=0.143929
Train Dice=0.931229.	Valid Dice=0.857255
Train Hausdorff=0.958481.	Valid Hausdorff=1.141701
Epoch: 130.    Minutes: 3.687
Train Loss=0.069158.	Valid Loss=0.144409
Train Dice=0.931881.	Valid Dice=0.85675
Train Hausdorff=0.963991.	Valid Hausdorff=1.159166
Epoch: 131.    Minutes: 3.708
Train Loss=0.068324.	Valid Loss=0.148035
Train Dice=0.932725.	Valid Dice=0.853109
Train Hausdorff=0.957868.	Valid Hausdorff=1.166038
Epoch: 132.    Minutes: 3.746
Train Loss=0.067706.	Valid Loss=0.156545
Train Dice=0.933327.	Valid Dice=0.844562
Train Hausdorff=0.954495.	Valid Hausdorff=1.224391
Epoch: 133.    Minutes: 3.677
Train Loss=0.068502.	Valid Loss=0.158445
Train Dice=0.932553.	Valid Dice=0.842708
Train Hausdorff=0.96064.	Valid Hausdorff=1.214004
Epoch: 134.    Minutes: 3.683
Train Loss=0.070977.	Valid Loss=0.149811
Train Dice=0.930097.	Valid Dice=0.851529
Train Hausdorff=0.971108.	Valid Hausdorff=1.214507
Epoch: 135.    Minutes: 3.732
Train Loss=0.070517.	Valid Loss=0.157593
Train Dice=0.930536.	Valid Dice=0.843759
Train Hausdorff=0.966831.	Valid Hausdorff=1.197022
Epoch: 136.    Minutes: 3.718
Train Loss=0.068179.	Valid Loss=0.145418
Train Dice=0.932902.	Valid Dice=0.856632
Train Hausdorff=0.956728.	Valid Hausdorff=1.150245
Epoch: 137.    Minutes: 3.713
Train Loss=0.06677.	Valid Loss=0.152259
Train Dice=0.934356.	Valid Dice=0.850623
Train Hausdorff=0.952004.	Valid Hausdorff=1.177924
Epoch: 138.    Minutes: 3.691
Train Loss=0.067884.	Valid Loss=0.150747
Train Dice=0.933263.	Valid Dice=0.85313
Train Hausdorff=0.953759.	Valid Hausdorff=1.163699
Epoch: 139.    Minutes: 3.768
Train Loss=0.068247.	Valid Loss=0.149605
Train Dice=0.933165.	Valid Dice=0.853848
Train Hausdorff=0.954586.	Valid Hausdorff=1.155884
Epoch: 140.    Minutes: 3.697
Train Loss=0.067566.	Valid Loss=0.151067
Train Dice=0.934198.	Valid Dice=0.851647
Train Hausdorff=0.952524.	Valid Hausdorff=1.18796
Epoch: 141.    Minutes: 3.735
Train Loss=0.068123.	Valid Loss=0.158281
Train Dice=0.934242.	Valid Dice=0.849716
Train Hausdorff=0.954516.	Valid Hausdorff=1.199715
Epoch: 142.    Minutes: 3.756
Train Loss=0.06836.	Valid Loss=0.153427
Train Dice=0.934901.	Valid Dice=0.853915
Train Hausdorff=0.948988.	Valid Hausdorff=1.160339
Epoch: 143.    Minutes: 3.717
Train Loss=0.067151.	Valid Loss=0.154191
Train Dice=0.935054.	Valid Dice=0.847715
Train Hausdorff=0.944307.	Valid Hausdorff=1.170887
Epoch: 144.    Minutes: 3.732
Train Loss=0.065497.	Valid Loss=0.147977
Train Dice=0.936176.	Valid Dice=0.853361
Train Hausdorff=0.940172.	Valid Hausdorff=1.1681
Epoch: 145.    Minutes: 3.708
Train Loss=0.064979.	Valid Loss=0.144334
Train Dice=0.936762.	Valid Dice=0.856957
Train Hausdorff=0.940146.	Valid Hausdorff=1.2097
Epoch: 146.    Minutes: 3.695
Train Loss=0.06449.	Valid Loss=0.147867
Train Dice=0.936918.	Valid Dice=0.853282
Train Hausdorff=0.939836.	Valid Hausdorff=1.176828
Epoch: 147.    Minutes: 3.694
Train Loss=0.064934.	Valid Loss=0.148907
Train Dice=0.93623.	Valid Dice=0.852185
Train Hausdorff=0.938281.	Valid Hausdorff=1.221765
Epoch: 148.    Minutes: 3.705
Train Loss=0.064096.	Valid Loss=0.147981
Train Dice=0.936968.	Valid Dice=0.85314
Train Hausdorff=0.937073.	Valid Hausdorff=1.210178
Epoch: 149.    Minutes: 3.688
Train Loss=0.064745.	Valid Loss=0.156948
Train Dice=0.936304.	Valid Dice=0.844169
Train Hausdorff=0.943903.	Valid Hausdorff=1.201404
Epoch: 150.    Minutes: 3.693
Train Loss=0.065817.	Valid Loss=0.154904
Train Dice=0.935202.	Valid Dice=0.846263
Train Hausdorff=0.941395.	Valid Hausdorff=1.212063
Epoch: 151.    Minutes: 3.676
Train Loss=0.06408.	Valid Loss=0.166213
Train Dice=0.936915.	Valid Dice=0.834851
Train Hausdorff=0.936688.	Valid Hausdorff=1.317204
Epoch: 152.    Minutes: 3.75
Train Loss=0.065916.	Valid Loss=0.155224
Train Dice=0.935118.	Valid Dice=0.845855
Train Hausdorff=0.945553.	Valid Hausdorff=1.207695
Epoch: 153.    Minutes: 3.708
Train Loss=0.065704.	Valid Loss=0.153154
Train Dice=0.935332.	Valid Dice=0.848069
Train Hausdorff=0.947811.	Valid Hausdorff=1.190499
Epoch: 154.    Minutes: 3.72
Train Loss=0.064385.	Valid Loss=0.153134
Train Dice=0.936652.	Valid Dice=0.84807
Train Hausdorff=0.940951.	Valid Hausdorff=1.204814
Epoch: 155.    Minutes: 3.733
Train Loss=0.064896.	Valid Loss=0.151091
Train Dice=0.936164.	Valid Dice=0.850441
Train Hausdorff=0.942846.	Valid Hausdorff=1.223053
Epoch: 156.    Minutes: 3.738
Train Loss=0.064228.	Valid Loss=0.149086
Train Dice=0.936881.	Valid Dice=0.853479
Train Hausdorff=0.939271.	Valid Hausdorff=1.187729
Epoch: 157.    Minutes: 3.761
Train Loss=0.063372.	Valid Loss=0.156694
Train Dice=0.937842.	Valid Dice=0.846321
Train Hausdorff=0.933427.	Valid Hausdorff=1.242274
Epoch: 158.    Minutes: 3.698
Train Loss=0.062863.	Valid Loss=0.151043
Train Dice=0.938458.	Valid Dice=0.852812
Train Hausdorff=0.930685.	Valid Hausdorff=1.215391
Epoch: 159.    Minutes: 3.766
Train Loss=0.061551.	Valid Loss=0.152082
Train Dice=0.939807.	Valid Dice=0.851947
Train Hausdorff=0.923738.	Valid Hausdorff=1.152599
Epoch: 160.    Minutes: 3.71
Train Loss=0.061389.	Valid Loss=0.147386
Train Dice=0.940172.	Valid Dice=0.855884
Train Hausdorff=0.922293.	Valid Hausdorff=1.216201
Epoch: 161.    Minutes: 3.709
Train Loss=0.062462.	Valid Loss=0.159669
Train Dice=0.939531.	Valid Dice=0.843987
Train Hausdorff=0.92381.	Valid Hausdorff=1.307783
Epoch: 162.    Minutes: 3.751
Train Loss=0.063103.	Valid Loss=0.166007
Train Dice=0.939256.	Valid Dice=0.842092
Train Hausdorff=0.92639.	Valid Hausdorff=1.295918
Epoch: 163.    Minutes: 3.712
Train Loss=0.064307.	Valid Loss=0.164247
Train Dice=0.938306.	Valid Dice=0.843485
Train Hausdorff=0.932516.	Valid Hausdorff=1.233072
Epoch: 164.    Minutes: 3.699
Train Loss=0.064284.	Valid Loss=0.157982
Train Dice=0.939186.	Valid Dice=0.844322
Train Hausdorff=0.928838.	Valid Hausdorff=1.242829
Epoch: 165.    Minutes: 3.741
Train Loss=0.063231.	Valid Loss=0.156125
Train Dice=0.939113.	Valid Dice=0.846749
Train Hausdorff=0.925318.	Valid Hausdorff=1.2131
Epoch: 166.    Minutes: 3.777
Train Loss=0.062437.	Valid Loss=0.16193
Train Dice=0.939363.	Valid Dice=0.843537
Train Hausdorff=0.925613.	Valid Hausdorff=1.280058
Epoch: 167.    Minutes: 3.701
Train Loss=0.060497.	Valid Loss=0.163323
Train Dice=0.941198.	Valid Dice=0.843744
Train Hausdorff=0.916052.	Valid Hausdorff=1.218821
Epoch: 168.    Minutes: 3.702
Train Loss=0.061449.	Valid Loss=0.153267
Train Dice=0.9401.	Valid Dice=0.849207
Train Hausdorff=0.923995.	Valid Hausdorff=1.186241
Epoch: 169.    Minutes: 3.741
Train Loss=0.062916.	Valid Loss=0.14918
Train Dice=0.938547.	Valid Dice=0.851974
Train Hausdorff=0.931047.	Valid Hausdorff=1.191773
Epoch: 170.    Minutes: 3.717
Train Loss=0.060372.	Valid Loss=0.146868
Train Dice=0.940865.	Valid Dice=0.854245
Train Hausdorff=0.920247.	Valid Hausdorff=1.164334
Epoch: 171.    Minutes: 3.673
Train Loss=0.060038.	Valid Loss=0.145134
Train Dice=0.941133.	Valid Dice=0.855977
Train Hausdorff=0.915805.	Valid Hausdorff=1.159406
Epoch: 172.    Minutes: 3.705
Train Loss=0.059776.	Valid Loss=0.146317
Train Dice=0.941338.	Valid Dice=0.854801
Train Hausdorff=0.919245.	Valid Hausdorff=1.178286
Epoch: 173.    Minutes: 3.712
Train Loss=0.059849.	Valid Loss=0.151526
Train Dice=0.941255.	Valid Dice=0.849576
Train Hausdorff=0.918123.	Valid Hausdorff=1.25492
Epoch: 174.    Minutes: 3.679
Train Loss=0.060322.	Valid Loss=0.151024
Train Dice=0.940723.	Valid Dice=0.850493
Train Hausdorff=0.921063.	Valid Hausdorff=1.211892
Epoch: 175.    Minutes: 3.705
Train Loss=0.059608.	Valid Loss=0.151033
Train Dice=0.941428.	Valid Dice=0.850527
Train Hausdorff=0.914116.	Valid Hausdorff=1.206679
Epoch: 176.    Minutes: 3.736
Train Loss=0.059107.	Valid Loss=0.15408
Train Dice=0.941886.	Valid Dice=0.84823
Train Hausdorff=0.913499.	Valid Hausdorff=1.195806
Epoch: 177.    Minutes: 3.708
Train Loss=0.059753.	Valid Loss=0.15258
Train Dice=0.941273.	Valid Dice=0.849884
Train Hausdorff=0.916564.	Valid Hausdorff=1.198169
Epoch: 178.    Minutes: 3.678
Train Loss=0.059419.	Valid Loss=0.154174
Train Dice=0.941572.	Valid Dice=0.850569
Train Hausdorff=0.915533.	Valid Hausdorff=1.190834
Epoch: 179.    Minutes: 3.699
Train Loss=0.059026.	Valid Loss=0.153114
Train Dice=0.942.	Valid Dice=0.852661
Train Hausdorff=0.912513.	Valid Hausdorff=1.159755
Epoch: 180.    Minutes: 3.687
Train Loss=0.059229.	Valid Loss=0.151727
Train Dice=0.941814.	Valid Dice=0.853563
Train Hausdorff=0.915312.	Valid Hausdorff=1.169323
Epoch: 181.    Minutes: 3.684
Train Loss=0.057999.	Valid Loss=0.151963
Train Dice=0.943057.	Valid Dice=0.853151
Train Hausdorff=0.908752.	Valid Hausdorff=1.187161
Epoch: 182.    Minutes: 3.727
Train Loss=0.058751.	Valid Loss=0.150895
Train Dice=0.942284.	Valid Dice=0.853769
Train Hausdorff=0.910031.	Valid Hausdorff=1.21662
Epoch: 183.    Minutes: 3.711
Train Loss=0.058394.	Valid Loss=0.149021
Train Dice=0.942698.	Valid Dice=0.853972
Train Hausdorff=0.911326.	Valid Hausdorff=1.208019
Epoch: 184.    Minutes: 3.696
Train Loss=0.057678.	Valid Loss=0.14727
Train Dice=0.943402.	Valid Dice=0.85637
Train Hausdorff=0.906074.	Valid Hausdorff=1.1703
Epoch: 185.    Minutes: 3.762
Train Loss=0.057709.	Valid Loss=0.146623
Train Dice=0.943641.	Valid Dice=0.856455
Train Hausdorff=0.902113.	Valid Hausdorff=1.194993
Epoch: 186.    Minutes: 3.746
Train Loss=0.056609.	Valid Loss=0.149929
Train Dice=0.944831.	Valid Dice=0.851884
Train Hausdorff=0.897376.	Valid Hausdorff=1.21608
Epoch: 187.    Minutes: 3.735
Train Loss=0.056513.	Valid Loss=0.149725
Train Dice=0.944834.	Valid Dice=0.851807
Train Hausdorff=0.896956.	Valid Hausdorff=1.224897
Epoch: 188.    Minutes: 3.757
Train Loss=0.056593.	Valid Loss=0.149908
Train Dice=0.94477.	Valid Dice=0.851342
Train Hausdorff=0.897478.	Valid Hausdorff=1.206848
Epoch: 189.    Minutes: 3.778
Train Loss=0.057592.	Valid Loss=0.14817
Train Dice=0.943697.	Valid Dice=0.852947
Train Hausdorff=0.902642.	Valid Hausdorff=1.188411
Epoch: 190.    Minutes: 3.759
Train Loss=0.057742.	Valid Loss=0.148101
Train Dice=0.943744.	Valid Dice=0.853033
Train Hausdorff=0.903163.	Valid Hausdorff=1.156785
Epoch: 191.    Minutes: 3.791
Train Loss=0.057261.	Valid Loss=0.143851
Train Dice=0.944156.	Valid Dice=0.857252
Train Hausdorff=0.901415.	Valid Hausdorff=1.151863
Epoch: 192.    Minutes: 3.756
Train Loss=0.057354.	Valid Loss=0.145878
Train Dice=0.943968.	Valid Dice=0.855438
Train Hausdorff=0.903005.	Valid Hausdorff=1.194773
Epoch: 193.    Minutes: 3.751
Train Loss=0.05707.	Valid Loss=0.149448
Train Dice=0.9444.	Valid Dice=0.851718
Train Hausdorff=0.899458.	Valid Hausdorff=1.260118
Epoch: 194.    Minutes: 3.705
Train Loss=0.056197.	Valid Loss=0.151262
Train Dice=0.945272.	Valid Dice=0.849873
Train Hausdorff=0.895827.	Valid Hausdorff=1.197346
Epoch: 195.    Minutes: 3.684
Train Loss=0.056369.	Valid Loss=0.145647
Train Dice=0.945221.	Valid Dice=0.856629
Train Hausdorff=0.89603.	Valid Hausdorff=1.201977
Epoch: 196.    Minutes: 3.724
Train Loss=0.056244.	Valid Loss=0.148194
Train Dice=0.9458.	Valid Dice=0.854068
Train Hausdorff=0.891471.	Valid Hausdorff=1.166349
Epoch: 197.    Minutes: 3.717
Train Loss=0.055899.	Valid Loss=0.148509
Train Dice=0.94598.	Valid Dice=0.853527
Train Hausdorff=0.890575.	Valid Hausdorff=1.182447
Epoch: 198.    Minutes: 3.709
Train Loss=0.055969.	Valid Loss=0.150907
Train Dice=0.945962.	Valid Dice=0.850952
Train Hausdorff=0.891784.	Valid Hausdorff=1.246675
Epoch: 199.    Minutes: 3.75
Train Loss=0.056289.	Valid Loss=0.151204
Train Dice=0.946004.	Valid Dice=0.850177
Train Hausdorff=0.892165.	Valid Hausdorff=1.207392
Epoch: 200.    Minutes: 3.741
Train Loss=0.056817.	Valid Loss=0.147811
Train Dice=0.945366.	Valid Dice=0.853209
Train Hausdorff=0.895685.	Valid Hausdorff=1.191145
Epoch: 201.    Minutes: 3.712
Train Loss=0.056572.	Valid Loss=0.140797
Train Dice=0.944766.	Valid Dice=0.860196
Train Hausdorff=0.898822.	Valid Hausdorff=1.158196
Epoch: 202.    Minutes: 3.724
Train Loss=0.056386.	Valid Loss=0.15111
Train Dice=0.944738.	Valid Dice=0.849878
Train Hausdorff=0.899358.	Valid Hausdorff=1.237246
Epoch: 203.    Minutes: 3.728
Train Loss=0.054856.	Valid Loss=0.150435
Train Dice=0.94617.	Valid Dice=0.850532
Train Hausdorff=0.889395.	Valid Hausdorff=1.241013
Epoch: 204.    Minutes: 3.695
Train Loss=0.053945.	Valid Loss=0.148608
Train Dice=0.947014.	Valid Dice=0.852381
Train Hausdorff=0.885154.	Valid Hausdorff=1.15852
Epoch: 205.    Minutes: 3.683
Train Loss=0.053945.	Valid Loss=0.144449
Train Dice=0.946972.	Valid Dice=0.856542
Train Hausdorff=0.88867.	Valid Hausdorff=1.176002
Epoch: 206.    Minutes: 3.753
Train Loss=0.054395.	Valid Loss=0.144899
Train Dice=0.94651.	Valid Dice=0.856106
Train Hausdorff=0.890002.	Valid Hausdorff=1.180322
Epoch: 207.    Minutes: 3.747
Train Loss=0.054813.	Valid Loss=0.143767
Train Dice=0.946073.	Valid Dice=0.857242
Train Hausdorff=0.890161.	Valid Hausdorff=1.168639
Epoch: 208.    Minutes: 3.723
Train Loss=0.054487.	Valid Loss=0.146282
Train Dice=0.946396.	Valid Dice=0.854737
Train Hausdorff=0.890855.	Valid Hausdorff=1.19052
Epoch: 209.    Minutes: 3.729
Train Loss=0.054735.	Valid Loss=0.147138
Train Dice=0.946143.	Valid Dice=0.853883
Train Hausdorff=0.891087.	Valid Hausdorff=1.198006
Epoch: 210.    Minutes: 3.732
Train Loss=0.054642.	Valid Loss=0.148513
Train Dice=0.946228.	Valid Dice=0.852568
Train Hausdorff=0.889936.	Valid Hausdorff=1.169357
Epoch: 211.    Minutes: 3.723
Train Loss=0.055205.	Valid Loss=0.144591
Train Dice=0.945663.	Valid Dice=0.85654
Train Hausdorff=0.893978.	Valid Hausdorff=1.183531
Epoch: 212.    Minutes: 3.762
Train Loss=0.054031.	Valid Loss=0.150162
Train Dice=0.946829.	Valid Dice=0.850986
Train Hausdorff=0.886758.	Valid Hausdorff=1.241677
Epoch: 213.    Minutes: 3.743
Train Loss=0.053215.	Valid Loss=0.146978
Train Dice=0.94765.	Valid Dice=0.85417
Train Hausdorff=0.883297.	Valid Hausdorff=1.227455
Epoch: 214.    Minutes: 3.702
Train Loss=0.053041.	Valid Loss=0.147096
Train Dice=0.947825.	Valid Dice=0.854148
Train Hausdorff=0.883315.	Valid Hausdorff=1.1586
Epoch: 215.    Minutes: 3.696
Train Loss=0.054136.	Valid Loss=0.142889
Train Dice=0.946724.	Valid Dice=0.858417
Train Hausdorff=0.891779.	Valid Hausdorff=1.169193
Epoch: 216.    Minutes: 3.712
Train Loss=0.05382.	Valid Loss=0.14419
Train Dice=0.94704.	Valid Dice=0.857085
Train Hausdorff=0.885489.	Valid Hausdorff=1.17517
Epoch: 217.    Minutes: 3.734
Train Loss=0.053529.	Valid Loss=0.141585
Train Dice=0.947337.	Valid Dice=0.859731
Train Hausdorff=0.883687.	Valid Hausdorff=1.161556
Epoch: 218.    Minutes: 3.707
Train Loss=0.05364.	Valid Loss=0.145858
Train Dice=0.947228.	Valid Dice=0.85546
Train Hausdorff=0.884838.	Valid Hausdorff=1.20686
Epoch: 219.    Minutes: 3.739
Train Loss=0.054022.	Valid Loss=0.143361
Train Dice=0.946864.	Valid Dice=0.857886
Train Hausdorff=0.885632.	Valid Hausdorff=1.206962
Epoch: 220.    Minutes: 3.727
Train Loss=0.053608.	Valid Loss=0.144321
Train Dice=0.94728.	Valid Dice=0.856893
Train Hausdorff=0.884969.	Valid Hausdorff=1.151396
Epoch: 221.    Minutes: 3.716
Train Loss=0.052738.	Valid Loss=0.143236
Train Dice=0.948141.	Valid Dice=0.857984
Train Hausdorff=0.8811.	Valid Hausdorff=1.154712
Epoch: 222.    Minutes: 3.732
Train Loss=0.052509.	Valid Loss=0.141152
Train Dice=0.948374.	Valid Dice=0.859991
Train Hausdorff=0.880474.	Valid Hausdorff=1.171856
Epoch: 223.    Minutes: 3.768
Train Loss=0.051643.	Valid Loss=0.14501
Train Dice=0.949245.	Valid Dice=0.85624
Train Hausdorff=0.873635.	Valid Hausdorff=1.214903
Epoch: 224.    Minutes: 3.703
Train Loss=0.052208.	Valid Loss=0.144118
Train Dice=0.948733.	Valid Dice=0.85699
Train Hausdorff=0.876596.	Valid Hausdorff=1.184426
Epoch: 225.    Minutes: 3.754
Train Loss=0.052072.	Valid Loss=0.142979
Train Dice=0.948976.	Valid Dice=0.858088
Train Hausdorff=0.87404.	Valid Hausdorff=1.177006
Epoch: 226.    Minutes: 3.768
Train Loss=0.052652.	Valid Loss=0.144022
Train Dice=0.94861.	Valid Dice=0.857087
Train Hausdorff=0.87805.	Valid Hausdorff=1.203217
Epoch: 227.    Minutes: 3.721
Train Loss=0.052605.	Valid Loss=0.142525
Train Dice=0.948739.	Valid Dice=0.858576
Train Hausdorff=0.874883.	Valid Hausdorff=1.184399
Epoch: 228.    Minutes: 3.714
Train Loss=0.052332.	Valid Loss=0.149109
Train Dice=0.949055.	Valid Dice=0.85213
Train Hausdorff=0.876231.	Valid Hausdorff=1.225852
Epoch: 229.    Minutes: 3.725
Train Loss=0.052075.	Valid Loss=0.146487
Train Dice=0.949223.	Valid Dice=0.854696
Train Hausdorff=0.875252.	Valid Hausdorff=1.183974
Epoch: 230.    Minutes: 3.716
Train Loss=0.05202.	Valid Loss=0.147201
Train Dice=0.949187.	Valid Dice=0.854031
Train Hausdorff=0.874573.	Valid Hausdorff=1.191831
Epoch: 231.    Minutes: 3.717
Train Loss=0.051482.	Valid Loss=0.146302
Train Dice=0.949716.	Valid Dice=0.854996
Train Hausdorff=0.872265.	Valid Hausdorff=1.184025
Epoch: 232.    Minutes: 3.71
Train Loss=0.052506.	Valid Loss=0.143504
Train Dice=0.94868.	Valid Dice=0.857538
Train Hausdorff=0.878506.	Valid Hausdorff=1.161479
Epoch: 233.    Minutes: 3.742
Train Loss=0.052916.	Valid Loss=0.144267
Train Dice=0.948421.	Valid Dice=0.856776
Train Hausdorff=0.879495.	Valid Hausdorff=1.196202
Epoch: 234.    Minutes: 3.716
Train Loss=0.052994.	Valid Loss=0.148902
Train Dice=0.948354.	Valid Dice=0.85239
Train Hausdorff=0.879188.	Valid Hausdorff=1.209502
Epoch: 235.    Minutes: 3.73
Train Loss=0.052624.	Valid Loss=0.149472
Train Dice=0.94869.	Valid Dice=0.85179
Train Hausdorff=0.87704.	Valid Hausdorff=1.199228
Epoch: 236.    Minutes: 3.727
Train Loss=0.052748.	Valid Loss=0.146694
Train Dice=0.948533.	Valid Dice=0.854587
Train Hausdorff=0.87724.	Valid Hausdorff=1.168696
Epoch: 237.    Minutes: 3.703
Train Loss=0.052178.	Valid Loss=0.145879
Train Dice=0.949101.	Valid Dice=0.855244
Train Hausdorff=0.874572.	Valid Hausdorff=1.154604
Epoch: 238.    Minutes: 3.672
Train Loss=0.052287.	Valid Loss=0.142662
Train Dice=0.94905.	Valid Dice=0.858469
Train Hausdorff=0.876058.	Valid Hausdorff=1.188008
Epoch: 239.    Minutes: 3.763
Train Loss=0.052199.	Valid Loss=0.145601
Train Dice=0.949119.	Valid Dice=0.855566
Train Hausdorff=0.875262.	Valid Hausdorff=1.194368
Epoch: 240.    Minutes: 3.722
Train Loss=0.051515.	Valid Loss=0.147128
Train Dice=0.949901.	Valid Dice=0.853942
Train Hausdorff=0.869296.	Valid Hausdorff=1.160477
Epoch: 241.    Minutes: 3.685
Train Loss=0.050858.	Valid Loss=0.144746
Train Dice=0.950557.	Valid Dice=0.85628
Train Hausdorff=0.867279.	Valid Hausdorff=1.174153
Epoch: 242.    Minutes: 3.749
Train Loss=0.050705.	Valid Loss=0.142591
Train Dice=0.950867.	Valid Dice=0.858419
Train Hausdorff=0.865295.	Valid Hausdorff=1.188552
Epoch: 243.    Minutes: 3.749
Train Loss=0.050749.	Valid Loss=0.145407
Train Dice=0.950613.	Valid Dice=0.856006
Train Hausdorff=0.866106.	Valid Hausdorff=1.179352
Epoch: 244.    Minutes: 3.747
Train Loss=0.050642.	Valid Loss=0.14281
Train Dice=0.950572.	Valid Dice=0.85828
Train Hausdorff=0.867505.	Valid Hausdorff=1.16641
Epoch: 245.    Minutes: 3.73
Train Loss=0.050138.	Valid Loss=0.14234
Train Dice=0.950936.	Valid Dice=0.85865
Train Hausdorff=0.864455.	Valid Hausdorff=1.174937
Epoch: 246.    Minutes: 3.773
Train Loss=0.04949.	Valid Loss=0.141957
Train Dice=0.951487.	Valid Dice=0.859015
Train Hausdorff=0.861309.	Valid Hausdorff=1.153855
Epoch: 247.    Minutes: 3.674
Train Loss=0.049552.	Valid Loss=0.143449
Train Dice=0.951371.	Valid Dice=0.857537
Train Hausdorff=0.862522.	Valid Hausdorff=1.15764
Epoch: 248.    Minutes: 3.722
Train Loss=0.049339.	Valid Loss=0.143426
Train Dice=0.951553.	Valid Dice=0.857557
Train Hausdorff=0.861397.	Valid Hausdorff=1.147856
Epoch: 249.    Minutes: 3.741
Train Loss=0.049497.	Valid Loss=0.142622
Train Dice=0.951373.	Valid Dice=0.85835
Train Hausdorff=0.863251.	Valid Hausdorff=1.157342
Epoch: 250.    Minutes: 3.696
Train Loss=0.049456.	Valid Loss=0.144109
Train Dice=0.951399.	Valid Dice=0.85687
Train Hausdorff=0.862102.	Valid Hausdorff=1.174544
Epoch: 251.    Minutes: 3.695
Train Loss=0.049012.	Valid Loss=0.142844
Train Dice=0.951828.	Valid Dice=0.858137
Train Hausdorff=0.858395.	Valid Hausdorff=1.163773
Epoch: 252.    Minutes: 3.707
Train Loss=0.048679.	Valid Loss=0.143916
Train Dice=0.952158.	Valid Dice=0.857056
Train Hausdorff=0.858196.	Valid Hausdorff=1.155291
Epoch: 253.    Minutes: 3.752
Train Loss=0.048922.	Valid Loss=0.144271
Train Dice=0.951909.	Valid Dice=0.856688
Train Hausdorff=0.8589.	Valid Hausdorff=1.174755
Epoch: 254.    Minutes: 3.75
Train Loss=0.049331.	Valid Loss=0.141937
Train Dice=0.951495.	Valid Dice=0.859022
Train Hausdorff=0.86146.	Valid Hausdorff=1.174897
Epoch: 255.    Minutes: 3.754
Train Loss=0.048876.	Valid Loss=0.145053
Train Dice=0.951945.	Valid Dice=0.855898
Train Hausdorff=0.858573.	Valid Hausdorff=1.184677
Epoch: 256.    Minutes: 3.751
Train Loss=0.048658.	Valid Loss=0.142648
Train Dice=0.952164.	Valid Dice=0.858311
Train Hausdorff=0.856978.	Valid Hausdorff=1.172085
Epoch: 257.    Minutes: 3.667
Train Loss=0.048447.	Valid Loss=0.142975
Train Dice=0.952373.	Valid Dice=0.857971
Train Hausdorff=0.85806.	Valid Hausdorff=1.175393
Epoch: 258.    Minutes: 3.702
Train Loss=0.048335.	Valid Loss=0.142505
Train Dice=0.952483.	Valid Dice=0.858449
Train Hausdorff=0.853888.	Valid Hausdorff=1.167414
Epoch: 259.    Minutes: 3.737
Train Loss=0.048364.	Valid Loss=0.143834
Train Dice=0.952456.	Valid Dice=0.857114
Train Hausdorff=0.856928.	Valid Hausdorff=1.187509
Epoch: 260.    Minutes: 3.698
Train Loss=0.04843.	Valid Loss=0.144618
Train Dice=0.952389.	Valid Dice=0.856332
Train Hausdorff=0.857231.	Valid Hausdorff=1.190565
Epoch: 261.    Minutes: 3.705
Train Loss=0.04835.	Valid Loss=0.144291
Train Dice=0.952468.	Valid Dice=0.85665
Train Hausdorff=0.856292.	Valid Hausdorff=1.191938
Epoch: 262.    Minutes: 3.747
Train Loss=0.048455.	Valid Loss=0.144035
Train Dice=0.952359.	Valid Dice=0.85691
Train Hausdorff=0.85739.	Valid Hausdorff=1.184529
Epoch: 263.    Minutes: 3.739
Train Loss=0.048239.	Valid Loss=0.144805
Train Dice=0.952576.	Valid Dice=0.856126
Train Hausdorff=0.856866.	Valid Hausdorff=1.198984
Epoch: 264.    Minutes: 3.736
Train Loss=0.048159.	Valid Loss=0.145884
Train Dice=0.95266.	Valid Dice=0.855054
Train Hausdorff=0.857177.	Valid Hausdorff=1.174995
Epoch: 265.    Minutes: 3.705
Train Loss=0.047874.	Valid Loss=0.144457
Train Dice=0.952945.	Valid Dice=0.856479
Train Hausdorff=0.853572.	Valid Hausdorff=1.173649
Epoch: 266.    Minutes: 3.76
Train Loss=0.047733.	Valid Loss=0.143314
Train Dice=0.953085.	Valid Dice=0.857627
Train Hausdorff=0.85306.	Valid Hausdorff=1.179546
Epoch: 267.    Minutes: 3.712
Train Loss=0.047947.	Valid Loss=0.143282
Train Dice=0.952873.	Valid Dice=0.857649
Train Hausdorff=0.855053.	Valid Hausdorff=1.178211
Epoch: 268.    Minutes: 3.707
Train Loss=0.047707.	Valid Loss=0.143043
Train Dice=0.953114.	Valid Dice=0.857889
Train Hausdorff=0.851549.	Valid Hausdorff=1.18129
Epoch: 269.    Minutes: 3.72
Train Loss=0.047395.	Valid Loss=0.143392
Train Dice=0.953427.	Valid Dice=0.857535
Train Hausdorff=0.851728.	Valid Hausdorff=1.215165
Epoch: 270.    Minutes: 3.718
Train Loss=0.04763.	Valid Loss=0.143383
Train Dice=0.953188.	Valid Dice=0.857551
Train Hausdorff=0.85138.	Valid Hausdorff=1.194558
Epoch: 271.    Minutes: 3.688
Train Loss=0.047344.	Valid Loss=0.142142
Train Dice=0.953478.	Valid Dice=0.858792
Train Hausdorff=0.851619.	Valid Hausdorff=1.184147
Epoch: 272.    Minutes: 3.691
Train Loss=0.04737.	Valid Loss=0.143247
Train Dice=0.953455.	Valid Dice=0.857701
Train Hausdorff=0.850706.	Valid Hausdorff=1.181563
Epoch: 273.    Minutes: 3.775
Train Loss=0.047109.	Valid Loss=0.14372
Train Dice=0.953719.	Valid Dice=0.85724
Train Hausdorff=0.849983.	Valid Hausdorff=1.198569
Epoch: 274.    Minutes: 3.695
Train Loss=0.047136.	Valid Loss=0.14394
Train Dice=0.953695.	Valid Dice=0.857056
Train Hausdorff=0.850284.	Valid Hausdorff=1.177995
Epoch: 275.    Minutes: 3.729
Train Loss=0.046942.	Valid Loss=0.144414
Train Dice=0.953886.	Valid Dice=0.856619
Train Hausdorff=0.849348.	Valid Hausdorff=1.206389
Epoch: 276.    Minutes: 3.78
Train Loss=0.046973.	Valid Loss=0.143796
Train Dice=0.953861.	Valid Dice=0.8573
Train Hausdorff=0.849473.	Valid Hausdorff=1.208014
Epoch: 277.    Minutes: 3.728
Train Loss=0.046797.	Valid Loss=0.144436
Train Dice=0.954029.	Valid Dice=0.856715
Train Hausdorff=0.848167.	Valid Hausdorff=1.183522
Epoch: 278.    Minutes: 3.693
Train Loss=0.046978.	Valid Loss=0.143385
Train Dice=0.953858.	Valid Dice=0.857852
Train Hausdorff=0.850344.	Valid Hausdorff=1.192194
Epoch: 279.    Minutes: 3.705
Train Loss=0.046724.	Valid Loss=0.143699
Train Dice=0.954122.	Valid Dice=0.857473
Train Hausdorff=0.84789.	Valid Hausdorff=1.196326
Epoch: 280.    Minutes: 3.721
Train Loss=0.046526.	Valid Loss=0.14454
Train Dice=0.954323.	Valid Dice=0.856947
Train Hausdorff=0.846677.	Valid Hausdorff=1.19984
Epoch: 281.    Minutes: 3.705
Train Loss=0.046521.	Valid Loss=0.145251
Train Dice=0.954325.	Valid Dice=0.856694
Train Hausdorff=0.846714.	Valid Hausdorff=1.199747
Epoch: 282.    Minutes: 3.749
Train Loss=0.046407.	Valid Loss=0.144744
Train Dice=0.954447.	Valid Dice=0.857393
Train Hausdorff=0.845089.	Valid Hausdorff=1.192649
Epoch: 283.    Minutes: 3.736
Train Loss=0.046597.	Valid Loss=0.144579
Train Dice=0.954277.	Valid Dice=0.857393
Train Hausdorff=0.847207.	Valid Hausdorff=1.195927
Epoch: 284.    Minutes: 3.724
Train Loss=0.046379.	Valid Loss=0.144438
Train Dice=0.954517.	Valid Dice=0.857333
Train Hausdorff=0.845223.	Valid Hausdorff=1.20347
Epoch: 285.    Minutes: 3.734
Train Loss=0.046288.	Valid Loss=0.143893
Train Dice=0.954638.	Valid Dice=0.857344
Train Hausdorff=0.845446.	Valid Hausdorff=1.189188
Epoch: 286.    Minutes: 3.71
Train Loss=0.046203.	Valid Loss=0.143745
Train Dice=0.954754.	Valid Dice=0.857213
Train Hausdorff=0.843779.	Valid Hausdorff=1.200345
Epoch: 287.    Minutes: 3.726
Train Loss=0.046134.	Valid Loss=0.143913
Train Dice=0.954825.	Valid Dice=0.85702
Train Hausdorff=0.843828.	Valid Hausdorff=1.203043
Epoch: 288.    Minutes: 3.734
Train Loss=0.046098.	Valid Loss=0.144156
Train Dice=0.954816.	Valid Dice=0.856779
Train Hausdorff=0.843853.	Valid Hausdorff=1.204381
Epoch: 289.    Minutes: 3.73
Train Loss=0.046047.	Valid Loss=0.144096
Train Dice=0.954835.	Valid Dice=0.856833
Train Hausdorff=0.843821.	Valid Hausdorff=1.198529
Epoch: 290.    Minutes: 3.709
Train Loss=0.046068.	Valid Loss=0.144478
Train Dice=0.954797.	Valid Dice=0.856444
Train Hausdorff=0.842857.	Valid Hausdorff=1.195733
Epoch: 291.    Minutes: 3.731
Train Loss=0.045876.	Valid Loss=0.14406
Train Dice=0.954975.	Valid Dice=0.856862
Train Hausdorff=0.841868.	Valid Hausdorff=1.203866
Epoch: 292.    Minutes: 3.7
Train Loss=0.045776.	Valid Loss=0.144805
Train Dice=0.955064.	Valid Dice=0.85612
Train Hausdorff=0.842531.	Valid Hausdorff=1.208552
Epoch: 293.    Minutes: 3.714
Train Loss=0.045819.	Valid Loss=0.145079
Train Dice=0.955013.	Valid Dice=0.855836
Train Hausdorff=0.843101.	Valid Hausdorff=1.217321
Epoch: 294.    Minutes: 3.705
Train Loss=0.045812.	Valid Loss=0.144807
Train Dice=0.955016.	Valid Dice=0.856116
Train Hausdorff=0.842881.	Valid Hausdorff=1.206733
Epoch: 295.    Minutes: 3.745
Train Loss=0.045751.	Valid Loss=0.144622
Train Dice=0.955072.	Valid Dice=0.856306
Train Hausdorff=0.841854.	Valid Hausdorff=1.206285
Epoch: 296.    Minutes: 3.718
Train Loss=0.045784.	Valid Loss=0.144691
Train Dice=0.955035.	Valid Dice=0.856236
Train Hausdorff=0.84281.	Valid Hausdorff=1.203287
Epoch: 297.    Minutes: 3.72
Train Loss=0.045836.	Valid Loss=0.144932
Train Dice=0.95498.	Valid Dice=0.855998
Train Hausdorff=0.842678.	Valid Hausdorff=1.200549
Epoch: 298.    Minutes: 3.696
Train Loss=0.045787.	Valid Loss=0.144573
Train Dice=0.95503.	Valid Dice=0.85637
Train Hausdorff=0.841989.	Valid Hausdorff=1.196707
Epoch: 299.    Minutes: 3.727
Train Loss=0.045868.	Valid Loss=0.144462
Train Dice=0.954946.	Valid Dice=0.856477
Train Hausdorff=0.842888.	Valid Hausdorff=1.194284
Test: Dice = 0.854361, Hausdorff = 1.309424. Minutes: 0.806
Trained model (HGG_TC_model.pth) saved.
